<?xml version="1.0" encoding="UTF-8"?>
<!-- Generated by org.testng.reporters.JUnitXMLReporter -->
<testsuite ignored="0" hostname="STARK" failures="1" tests="3" name="Default test" time="17.821" errors="0" timestamp="2025-06-09T02:42:15 IST">
  <testcase classname="io.cucumber.testng.AbstractTestNGCucumberTests" name="runScenario" time="5.034">
    <failure type="java.lang.RuntimeException" message="subb ---&amp;gt;  not found in credentials.properties file.">
      <![CDATA[java.lang.RuntimeException: subb --->  not found in credentials.properties file.
at utils.LoadProperties.pageClass_LoadPage(LoadProperties.java:103)
at stepDefinitions.UserLoginPage.Enter_UserName(UserLoginPage.java:16)
at âœ½.the user enters UserName "subb" into the "Username1" textbox at the "LoginPage" page(file:///C:/Users/ASUS/IdeaProjects/MyAutomation/src/test/resources/features/Scenario_Outline.feature:9)
]]>
    </failure>
  </testcase> <!-- runScenario -->
  <testcase classname="io.cucumber.testng.AbstractTestNGCucumberTests" name="runScenario" time="5.32"/>
  <testcase classname="io.cucumber.testng.AbstractTestNGCucumberTests" name="runScenario" time="7.219"/>
</testsuite> <!-- Default test -->
