[02:34:28] [INFO] <=== Starting Scenario: Launch instagram ===>
[02:34:31] [INFO] Step [Passed]: Launch "instagram" WebPage
[02:34:31] [ERROR] Step [Failed]: Enter UserName "subb" into "Username1" textbox at "LoginPage" page
[02:34:31] [ERROR] { ERROR ---> }: subb --->  not found in credentials.properties file.
java.lang.RuntimeException: subb --->  not found in credentials.properties file.
	at utils.LoadProperties.pageClass_LoadPage(LoadProperties.java:103) ~[test-classes/:?]
	at stepDefinitions.UserLoginPage.Enter_UserName(UserLoginPage.java:16) ~[test-classes/:?]
	at java.base/jdk.internal.reflect.DirectMethodHandleAccessor.invoke(DirectMethodHandleAccessor.java:103) ~[?:?]
	at java.base/java.lang.reflect.Method.invoke(Method.java:580) ~[?:?]
	at io.cucumber.java.Invoker.doInvoke(Invoker.java:66) ~[cucumber-java-7.22.1.jar:7.22.1]
	at io.cucumber.java.Invoker.invoke(Invoker.java:24) ~[cucumber-java-7.22.1.jar:7.22.1]
	at io.cucumber.java.AbstractGlueDefinition.invokeMethod(AbstractGlueDefinition.java:47) ~[cucumber-java-7.22.1.jar:7.22.1]
	at io.cucumber.java.JavaStepDefinition.execute(JavaStepDefinition.java:29) ~[cucumber-java-7.22.1.jar:7.22.1]
	at io.cucumber.core.runner.CoreStepDefinition.execute(CoreStepDefinition.java:66) ~[cucumber-core-7.22.1.jar:7.22.1]
	at io.cucumber.core.runner.PickleStepDefinitionMatch.runStep(PickleStepDefinitionMatch.java:62) ~[cucumber-core-7.22.1.jar:7.22.1]
	at io.cucumber.core.runner.ExecutionMode$1.execute(ExecutionMode.java:10) ~[cucumber-core-7.22.1.jar:7.22.1]
	at io.cucumber.core.runner.TestStep.executeStep(TestStep.java:81) ~[cucumber-core-7.22.1.jar:7.22.1]
	at io.cucumber.core.runner.TestStep.run(TestStep.java:53) ~[cucumber-core-7.22.1.jar:7.22.1]
	at io.cucumber.core.runner.PickleStepTestStep.run(PickleStepTestStep.java:51) ~[cucumber-core-7.22.1.jar:7.22.1]
	at io.cucumber.core.runner.TestCase.run(TestCase.java:86) ~[cucumber-core-7.22.1.jar:7.22.1]
	at io.cucumber.core.runner.Runner.runPickle(Runner.java:77) ~[cucumber-core-7.22.1.jar:7.22.1]
	at io.cucumber.testng.TestNGCucumberRunner.lambda$runScenario$1(TestNGCucumberRunner.java:135) ~[cucumber-testng-7.22.1.jar:7.22.1]
	at io.cucumber.core.runtime.CucumberExecutionContext.lambda$runTestCase$5(CucumberExecutionContext.java:136) ~[cucumber-core-7.22.1.jar:7.22.1]
	at io.cucumber.core.runtime.RethrowingThrowableCollector.executeAndThrow(RethrowingThrowableCollector.java:23) ~[cucumber-core-7.22.1.jar:7.22.1]
	at io.cucumber.core.runtime.CucumberExecutionContext.runTestCase(CucumberExecutionContext.java:136) ~[cucumber-core-7.22.1.jar:7.22.1]
	at io.cucumber.testng.TestNGCucumberRunner.runScenario(TestNGCucumberRunner.java:132) ~[cucumber-testng-7.22.1.jar:7.22.1]
	at io.cucumber.testng.AbstractTestNGCucumberTests.runScenario(AbstractTestNGCucumberTests.java:35) ~[cucumber-testng-7.22.1.jar:7.22.1]
	at java.base/jdk.internal.reflect.DirectMethodHandleAccessor.invoke(DirectMethodHandleAccessor.java:103) ~[?:?]
	at java.base/java.lang.reflect.Method.invoke(Method.java:580) ~[?:?]
	at org.testng.internal.invokers.MethodInvocationHelper.invokeMethod(MethodInvocationHelper.java:141) ~[testng-7.11.0.jar:7.11.0]
	at org.testng.internal.invokers.TestInvoker.invokeMethod(TestInvoker.java:687) ~[testng-7.11.0.jar:7.11.0]
	at org.testng.internal.invokers.TestInvoker.invokeTestMethod(TestInvoker.java:230) ~[testng-7.11.0.jar:7.11.0]
	at org.testng.internal.invokers.MethodRunner.runInSequence(MethodRunner.java:63) ~[testng-7.11.0.jar:7.11.0]
	at org.testng.internal.invokers.TestInvoker$MethodInvocationAgent.invoke(TestInvoker.java:995) ~[testng-7.11.0.jar:7.11.0]
	at org.testng.internal.invokers.TestInvoker.invokeTestMethods(TestInvoker.java:203) ~[testng-7.11.0.jar:7.11.0]
	at org.testng.internal.invokers.TestMethodWorker.invokeTestMethods(TestMethodWorker.java:154) ~[testng-7.11.0.jar:7.11.0]
	at org.testng.internal.invokers.TestMethodWorker.run(TestMethodWorker.java:134) ~[testng-7.11.0.jar:7.11.0]
	at java.base/java.util.ArrayList.forEach(ArrayList.java:1596) [?:?]
	at org.testng.TestRunner.privateRun(TestRunner.java:741) [testng-7.11.0.jar:7.11.0]
	at org.testng.TestRunner.run(TestRunner.java:616) [testng-7.11.0.jar:7.11.0]
	at org.testng.SuiteRunner.runTest(SuiteRunner.java:421) [testng-7.11.0.jar:7.11.0]
	at org.testng.SuiteRunner.runSequentially(SuiteRunner.java:413) [testng-7.11.0.jar:7.11.0]
	at org.testng.SuiteRunner.privateRun(SuiteRunner.java:373) [testng-7.11.0.jar:7.11.0]
	at org.testng.SuiteRunner.run(SuiteRunner.java:312) [testng-7.11.0.jar:7.11.0]
	at org.testng.SuiteRunnerWorker.runSuite(SuiteRunnerWorker.java:52) [testng-7.11.0.jar:7.11.0]
	at org.testng.SuiteRunnerWorker.run(SuiteRunnerWorker.java:95) [testng-7.11.0.jar:7.11.0]
	at org.testng.TestNG.runSuitesSequentially(TestNG.java:1274) [testng-7.11.0.jar:7.11.0]
	at org.testng.TestNG.runSuitesLocally(TestNG.java:1208) [testng-7.11.0.jar:7.11.0]
	at org.testng.TestNG.runSuites(TestNG.java:1112) [testng-7.11.0.jar:7.11.0]
	at org.testng.TestNG.run(TestNG.java:1079) [testng-7.11.0.jar:7.11.0]
	at org.testng.remote.AbstractRemoteTestNG.run(AbstractRemoteTestNG.java:115) [testng-remote.jar:?]
	at org.testng.remote.RemoteTestNG.initAndRun(RemoteTestNG.java:293) [testng-remote.jar:?]
	at org.testng.remote.RemoteTestNG.main(RemoteTestNG.java:91) [testng-remote.jar:?]
[02:34:33] [INFO] <=== Starting Scenario: Launch instagram ===>
[02:34:36] [INFO] Step [Passed]: Launch "instagram" WebPage
[02:34:37] [INFO] Step [Passed]: Enter UserName "arise" into "Username1" textbox at "LoginPage" page
[02:34:37] [INFO] Step [Passed]: Enter Password "pass_b" into "Password2" textbox at "LoginPage" page
[02:34:37] [INFO] Step [Passed]: Click "login_button1" element at "LoginPage" page
[02:34:38] [INFO] <=== Starting Scenario: Launch Automation_Practice_Url ===>
[02:34:43] [INFO] Step [Passed]: Launch "Automation_Practice_Url" WebPage
[02:34:43] [INFO] Step [Passed]: Enter UserName "username" into "Username" textbox at "LoginPage" page
[02:34:43] [INFO] Step [Passed]: Enter Password "password" into "Password" textbox at "LoginPage" page
[02:34:44] [INFO] Step [Passed]: Click "login_button" element at "LoginPage" page
[02:34:45] [INFO] [TestNG] Time taken by org.testng.reporters.jq.Main@44b194fe: 47 ms
[02:34:45] [INFO] [TestNG] Time taken by org.testng.reporters.FailedReporter@7cd4a4d7: 0 ms
[02:34:45] [INFO] [TestNG] Time taken by org.testng.reporters.XMLReporter@5d51e129: 0 ms
[02:34:45] [INFO] [TestNG] Time taken by org.testng.reporters.EmailableReporter2@36cc9385: 16 ms
[02:34:45] [INFO] [TestNG] Time taken by org.testng.reporters.JUnitReportReporter@f91da5e: 5 ms
[02:34:45] [INFO] [TestNG] Time taken by org.testng.internal.ExitCodeListener@eca6a74: 0 ms
